C51 COMPILER V8.05a   FIXEDPULSER                                                          07/27/2017 17:39:04 PAGE 1   


C51 COMPILER V8.05a, COMPILATION OF MODULE FIXEDPULSER
OBJECT MODULE PLACED IN .\fixedPulser.obj
COMPILER INVOKED BY: C:\Keil_v5\C51\BIN\C51.EXE ..\HARDWARE\COMMON_HARDWARE\fixedPulser.c LARGE BROWSE DEBUG OBJECTEXTEN
                    -D PRINT(.\fixedPulser.lst) TABS(2) OBJECT(.\fixedPulser.obj)

line level    source

   1          /************************************************************
   2          * 组织名称：
   3          * 文件名称: K:\单片机相关\电子大赛程序框架\HARDWARE\COMMON_HARDWARE\FIXEDPULSER.C
   4          * 作者:   周晨阳
   5          * 版本:  1.0
   6          * 日期:     2017/07/18
   7          * 描述: 用来产生固定脉冲数的软件,最多定义两个脉冲发生器，PULSER_1使用定时器3 p04，PULSER_2使用定时器4  p06
   8          * 历史修改记录:
   9          * <作者> <时间> <版本 > <描述>
  10          *  周晨阳 7/25  1.1  更改了定时器的定时时间，由原来最大能产生2500hz的脉冲变成可以产生5000hz的脉冲
  11          * 周成宇 7/27  1.2   重新定义了脉冲发生器的
  12          ***********************************************************/
  13          
  14          #include "fixedPulser.h"
  15          #include "../BSP/STC15_PWM.h"
  16          #include "../BSP/GPIO.H"
  17          #include <limits.h>
  18          #include <stdlib.h>
  19          #include <stdio.h>
  20          #include "../BSP/USART1.h"
  21          #include "../BSP/timer.h"
  22          #define PULSER_NUM  2 //定义需要使用多少个脉冲发生器，最多可产生两路不同频率的脉冲
  23          #define DEFAULT_PT  HIGH //脉冲发生器的起始电位
  24          
  25          #define OPEN_TIMER3_CLKOUT() T4T3M |= 1
  26          #define OPEN_TIMER4_CLKOUT() T4T3M |= (1 << 4)
  27          #define CLOSE_TIMER3_CLKOUT() T4T3M &=(~ 1)
  28          #define CLOSE_TIMER4_CLKOUT() T4T3M &=(~(1 << 4))
  29          
  30          
  31          //#define DEFAULT_PT  LOW //
  32          struct Pulser //脉冲发生器有关参数数据结构
  33          {
  34            u32 count;  //脉冲个数
  35            u16 Hz;     //脉冲频率
  36            u8 state;   //脉冲发生器当前状态
  37          
  38          };
  39          
  40          static struct Pulser g_pulser[PULSER_NUM];  //脉冲发生器信息存储数组
  41          static u16 tmp=0;//软件定时器需要使用的变量，写在外面是为了减轻中断的计算量，增加定时精度
  42          static bit timer2UseBit=0;//是否需要使用计数变量来产生低于定时器最低可产生的频率的标志位
  43          static bit timer3UseBit=0;//是否需要使用计数变量来产生低于定时器最低可产生的频率的标志位
  44          bool setPulse(u8 pulser_num, u16 Hz, u32 count)
  45          {
  46   1        u16 timerTmp=0;
  47   1        u16 TIM_Value;
  48   1        g_pulser[pulser_num].Hz = Hz;
  49   1        g_pulser[pulser_num].count = count;
  50   1        if (pulser_num == PULSER_1)
  51   1        {
  52   2          if (Hz > 20)//大于20hz直接使用定时器赋值
  53   2          {
  54   3            //PrintString1("hz >20\r\n");
C51 COMPILER V8.05a   FIXEDPULSER                                                          07/27/2017 17:39:04 PAGE 2   

  55   3      
  56   3            TIM_Value = (65536UL - ((MAIN_Fosc/12) / Hz/2));
  57   3            timer2UseBit = 0;
  58   3            INT_CLKO |= 0x04; //输出时钟
  59   3            TH2 = (u8)(TIM_Value >> 8);
  60   3            TL2 = (u8)TIM_Value;
  61   3      
  62   3          }
  63   2          else//小于20hz则另外计算
  64   2          {
  65   3            timer2UseBit = 1;
  66   3          //  CLOSE_TIMER2_CLKOUT();
  67   3          }
  68   2        }
  69   1        else
  70   1        {
  71   2          if (Hz > 20)
  72   2          {
  73   3            TIM_Value = (65536UL - ((MAIN_Fosc/12) / Hz/2));
  74   3            timer3UseBit = 0;
  75   3            T4T3M |= 1; //输出时钟
  76   3            TH3 = (u8)(TIM_Value >> 8);
  77   3            TL3 = (u8)TIM_Value;
  78   3      
  79   3          }
  80   2          else
  81   2          {
  82   3            timer3UseBit = 1;
  83   3          }
  84   2        }
  85   1      
  86   1        return 1;
  87   1      }
  88          bool openPulser(u8 pulser_num)
  89          {
  90   1        g_pulser[pulser_num].state = ON;
  91   1      
  92   1        if (pulser_num==PULSER_1) //pulser2
  93   1        {
  94   2          Timer2_Run();
  95   2        //  PrintString1("pulser 1 is start\n");
  96   2      
  97   2        }
  98   1        else   //pulser1
  99   1        {
 100   2          Timer3_Run();
 101   2        }
 102   1      
 103   1        return OK;
 104   1      }
 105          bool closePulser(u8 pulser_num)
 106          {
 107   1        if (pulser_num==PULSER_1)//pulser2
 108   1        {
 109   2          Timer2_Stop();
 110   2      
 111   2      
 112   2        }
 113   1        else //pulser1
 114   1        {
 115   2          Timer3_Stop();
 116   2      
C51 COMPILER V8.05a   FIXEDPULSER                                                          07/27/2017 17:39:04 PAGE 3   

 117   2        }
 118   1        g_pulser[pulser_num].state = OFF;
 119   1        return OK;
 120   1      
 121   1      }
 122          bool getPulserState(u8 pulser_num)
 123          {
 124   1      
 125   1        return g_pulser[pulser_num].state;
 126   1      
 127   1      }
 128          void PulserInit(void)//初始化程序
 129          {
 130   1        //PULSER_1 使用P30 PULSER_2 使用P04
 131   1      
 132   1        GPIO_InitTypeDef    GPIO_InitStructure;     //结构定义
 133   1        GPIO_InitStructure.Mode = GPIO_PullUp;       //指定IO的输入或输出方式,GPIO_PullUp,GPIO_HighZ,GPIO_OUT_OD,
             -GPIO_OUT_PP
 134   1        GPIO_InitStructure.Pin = GPIO_Pin_0 ;    //指定要初始化的IO, GPIO_Pin_0 ~ GPIO_Pin_7, 或操作!!!!!!!GPIO初
             -始化使用按位或不是逻辑或，之前因为这个被坑了
 135   1        GPIO_Inilize(GPIO_P3, &GPIO_InitStructure);  //初始化
 136   1        GPIO_InitStructure.Pin = GPIO_Pin_4 ;    //指定要初始化的IO, GPIO_Pin_0 ~ GPIO_Pin_7, 或操作!!!!!!!GPIO初
             -始化使用按位或不是逻辑或，之前因为这个被坑了
 137   1        GPIO_Inilize(GPIO_P0, &GPIO_InitStructure);  //初始化
 138   1        g_pulser[PULSER_1].state = OFF;
 139   1        g_pulser[PULSER_2].state = OFF;
 140   1      #ifdef DEBUG
                PrintString1("two pulser was initialized");
              #endif
 143   1      }
 144          
 145          
 146          /***************！以下为私有函数，不建议更改！********************************/
 147          
 148          /********************* Timer3中断函数，用于产生指定脉冲************************/
 149          //200us产生一次中断，
 150          static u16 pulser1Tmp=0;
 151          static u16 count1Tmp=0;
 152          //static void Pulser_1Int(void) interrupt TIMER2_VECTOR   //2.5ms产生一次中断
 153          //{
 154          //  //PrintString1("into timer inte\n");
 155          ////  if (timer2UseBit == 1)//如果设置的频率小于20hz再使用计数器累加的办法产生
 156          ////  {
 157          ////    if (++pulser1Tmp >= tmp)
 158          
 159          ////    {
 160          ////      //  PrintString1("p15 state changed\n");
 161          
 162          ////      pulser1Tmp = 0;
 163          ////      if (count1Tmp++ <= g_pulser[PULSER_1].count)
 164          ////      {
 165          ////        P30 = ~P30;
 166          
 167          ////        //  PrintString1("p15 state is changed\n");
 168          ////      }
 169          ////      else
 170          ////      {
 171          ////        closePulser(PULSER_1);
 172          ////        count1Tmp = 0;
 173          
 174          ////      }
 175          ////    }
C51 COMPILER V8.05a   FIXEDPULSER                                                          07/27/2017 17:39:04 PAGE 4   

 176          ////  }
 177          ////  else//如果频率大于20则直接用高速脉冲产生
 178          //  {
 179          //    if (++count1Tmp >= g_pulser[PULSER_1].count*2)
 180          //    {
 181          //      count1Tmp = 0;
 182          //      closePulser(PULSER_1);
 183          //    }
 184          //  }
 185          static void Pulser_1Int(void) interrupt TIMER2_VECTOR   //2.5ms产生一次中断
 186          {
 187   1        if ((++pulser1Tmp) >= 2*g_pulser[PULSER_1].count)
 188   1        {
 189   2          closePulser(PULSER_1);
 190   2          pulser1Tmp = 0;
 191   2        }
 192   1        
 193   1      }
 194          static u16 pulser2Tmp=0;
 195          static u16 count2Tmp=0;
 196          
 197          static void Pulser_2Int(void) interrupt TIMER3_VECTOR   //2.5ms产生一次中断
 198          {
 199   1        if ((++pulser2Tmp) >= 2*g_pulser[PULSER_2].count)
 200   1        {
 201   2          closePulser(PULSER_2);
 202   2          pulser2Tmp = 0;
 203   2        }
 204   1        
 205   1      }
 206          
 207          
 208          //static u32 g_PWM_7tmp = 0;//计数变量
 209          ////中断执行程序，用来记录脉冲的个数并及时关闭发生器
 210          //static void PWM_Routine(void) interrupt 22   
 211          //{
 212          
 213          //  if (PWMIF ^ 5 == 1)//PWM_7第二反转中断
 214          //  {
 215          
 216          //    PWMIF &= (~(1 << 5));  //软件清零标志位
 217          //  //  PrintString1(" pwm7 count++\n");
 218          
 219          //    if (g_PWM_7tmp++ >= g_pulser[PULSER_1].count)
 220          //    {
 221          //      //      PrintString1("pwm7 temp >= count\n");
 222          //      g_PWM_7tmp = 0;
 223          //      closePulser(PULSER_1); //到了指定的脉冲数后就关闭脉冲发生器
 224          
 225          //    }
 226          
 227          //  }
 228          //  //现在选择使用定时器模拟一路脉冲发生器了
 229          //  //  if (PWMIF ^ 4 == 1)//PWM_6
 230          //  //  {
 231          //  //    PWMIF &= (~(1 << 4));  //软件清零标志位
 232          //  ////      PrintString1("pwm6 count++\n");
 233          //  //    if (g_PWM_6tmp++ >= g_pulser[PULSER_2].count)
 234          //  //    {
 235          //  //      //          PrintString1(" pwm6 temp >= count\n");
 236          //  //      g_PWM_6tmp = 0;
 237          //  //      closePulser(PULSER_2);
C51 COMPILER V8.05a   FIXEDPULSER                                                          07/27/2017 17:39:04 PAGE 5   

 238          //  //      close_PWM_ALL();
 239          //  //    }
 240          //  //
 241          //  //  }
 242          //}


MODULE INFORMATION:   STATIC OVERLAYABLE
   CODE SIZE        =    604    ----
   CONSTANT SIZE    =   ----    ----
   XDATA SIZE       =     24      13
   PDATA SIZE       =   ----    ----
   DATA SIZE        =   ----    ----
   IDATA SIZE       =   ----    ----
   BIT SIZE         =      2    ----
END OF MODULE INFORMATION.


C51 COMPILATION COMPLETE.  0 WARNING(S),  0 ERROR(S)
