C51 COMPILER V8.05a   SETUP                                                                07/28/2017 15:14:36 PAGE 1   


C51 COMPILER V8.05a, COMPILATION OF MODULE SETUP
OBJECT MODULE PLACED IN .\setup.obj
COMPILER INVOKED BY: C:\Keil_v5\C51\BIN\C51.EXE ..\SOFTWARE\TASK\setup.c LARGE BROWSE DEBUG OBJECTEXTEND PRINT(.\setup.l
                    -st) TABS(2) OBJECT(.\setup.obj)

line level    source

   1          /************************************************************
   2          * 组织名称：
   3          * 文件名称: K:\单片机相关\电子大赛程序框架\SOFTWARE\TASK\SETUP.C
   4          * 作者:     周晨阳
   5          * 版本:
   6          * 日期:     2017/07/18
   7          * 描述:   初始化器件和测试器件使用
   8          * 历史修改记录:
   9          * <作者> <时间> <版本 > <描述>
  10          *
  11          ***********************************************************/
  12          
  13          #include "setup.h"
  14          #include "task.h"
  15          #include "../../HARDWARE/DEVICES/LED/LED.h"
  16          #include "../../HARDWARE/BSP/USART1.h"
  17          #include "../../HARDWARE/BSP/timer.h"
  18          #include "../../HARDWARE/BSP/GPIO.h"
  19          #include "../../HARDWARE/BSP/delay.h"
  20          #include "../../HARDWARE/BSP/STC15_PWM.h"
  21          #include "../../HARDWARE/DEVICES/MOTOR/STEP_MOTOR/STEP_MOTOR.h"
  22          #include "../../HARDWARE/DEVICES/DISPLAY/LCD5110/LCD5510_V2.H"
  23          #include "../../HARDWARE/COMMON_HARDWARE/fixedPulser.h"
  24          #include "direction.h"
  25          
  26          
  27          
  28          /*************  串口1初始化函数 *****************/
  29          /*************************************************
  30          * 函数名称: void    UART1_init(unsigned long BandRate)
  31          * 描述: 串口1初始化函数
  32          * 输入: unsigned long BandRate ：串口的波特率，请在数值后加字母"L"，防止出问题
  33          * 输出: 调用此函数会发送一段测试语句 “ STC15w4k58s4 UART1 is open ”
  34          * 返回值: 无
  35          * 其他说明: 无
  36          *************************************************/
  37          void    UART1_init(unsigned long BandRate)
  38          {
  39   1        COMx_InitDefine     COMx_InitStructure;
  40   1        COMx_InitStructure.UART_Mode = UART_8bit_BRTx;
  41   1        COMx_InitStructure.UART_BRT_Use = BRT_Timer1;
  42   1        COMx_InitStructure.UART_BaudRate = BandRate;
  43   1        COMx_InitStructure.UART_RxEnable = ENABLE;
  44   1        COMx_InitStructure.BaudRateDouble = DISABLE;
  45   1        COMx_InitStructure.UART_Interrupt = ENABLE;
  46   1        COMx_InitStructure.UART_Polity = PolityHigh;
  47   1        COMx_InitStructure.UART_P_SW = UART1_SW_P30_P31;
  48   1        COMx_InitStructure.UART_RXD_TXD_Short = DISABLE;
  49   1        USART_Configuration(USART1, &COMx_InitStructure);
  50   1        PrintString1("STC15w4k58s4's UART1 is open \r\n");   //串口测试
  51   1      }
  52          void test(void)//器件测试
  53          {
  54   1        
C51 COMPILER V8.05a   SETUP                                                                07/28/2017 15:14:36 PAGE 2   

  55   1      }
  56          void setup(void)
  57          {
  58   1      
  59   1        UART1_init(115200L);
  60   1        timerInit();  //定时器初始化
  61   1        Board_LED_Init();
  62   1        MotionSystem_Init();
  63   1        TrackingSystem_Init();
  64   1        
  65   1        //test();  //测试
  66   1      
  67   1      }
  68          


MODULE INFORMATION:   STATIC OVERLAYABLE
   CODE SIZE        =     77    ----
   CONSTANT SIZE    =     32    ----
   XDATA SIZE       =     57      13
   PDATA SIZE       =   ----    ----
   DATA SIZE        =   ----    ----
   IDATA SIZE       =   ----    ----
   BIT SIZE         =   ----    ----
END OF MODULE INFORMATION.


C51 COMPILATION COMPLETE.  0 WARNING(S),  0 ERROR(S)
