C51 COMPILER V8.05a   TASK                                                                 07/27/2017 22:14:19 PAGE 1   


C51 COMPILER V8.05a, COMPILATION OF MODULE TASK
OBJECT MODULE PLACED IN .\task.obj
COMPILER INVOKED BY: C:\Keil_v5\C51\BIN\C51.EXE ..\SOFTWARE\TASK\task.c LARGE BROWSE DEBUG OBJECTEXTEND PRINT(.\task.lst
                    -) TABS(2) OBJECT(.\task.obj)

line level    source

   1          /************************************************************
   2          * ç»„ç»‡åç§°ï¼š
   3          * æ–‡ä»¶åç§°: K:\å•ç‰‡æœºç›¸å…³\ç”µå­å¤§èµ›ç¨‹åºæ¡†æ¶\SOFTWARE\TASK\TASK.C
   4          * ä½œè€…:
   5          * ç‰ˆæœ¬:
   6          * æ—¥æœŸ:     2017/07/06
   7          * æè¿°:  æ‚¬æŒ‚è¿åŠ¨æ§åˆ¶ç³»ç»ŸåŸºæœ¬æ§åˆ¶å‡½æ•° ,åˆå§‹åŒ–ä¹‹åï¼Œè®¾ç½®å¥½xyè½´åæ ‡ï¼Œå†è°ƒç”¨s
             -tartSystemå‡½æ•°ï¼Œæ—¢å¯ä»¥å¼€å§‹
   8          * å†å²ä¿®æ”¹è®°å½•:
   9          * <ä½œè€…> <æ—¶é—´> <ç‰ˆæœ¬ > <æè¿°>
  10          *
  11          ***********************************************************/
  12          
  13          #include "task.h"
  14          #include "../COMMON_SOFTWARE/DATA_SCOPE/DataScope_DP.h"
  15          #include "setup.h"
  16          #include "../HARDWARE/BSP/USART1.h"
  17          #include "../../HARDWARE/COMMON_HARDWARE/fixedPulser.h"
  18          #include "../../HARDWARE/BSP/delay.h"
  19          #include <math.h>
  20          #include <stdlib.h>
  21          #include <stdio.h>
  22          #include "../HARDWARE/BSP/stc15_pwm.h"
  23          
  24          #define  BOARD_HEIGHT  52.5f  //æ¿å­çš„é«˜åº¦  ï¼Œå•ä½å˜ç±³
  25          #define  BOARD_WIDTH   30 //æ¿å­çš„å®½åº¦  ï¼Œå•ä½å˜ç±³
  26          #define  BEARING_DIA   4.05f  //æ—‹è½¬è½´æ‰¿çš„ç›´å¾„ï¼Œå•ä½å˜ç±³
  27          #define  PI  3.1415f   //piçš„å€¼
  28          #define  ACCURACY  0.1f //ç²¾åº¦å®šä¹‰  æ¯æ¬¡æ­¥è¿›çš„è„‰å†²æ•°
  29          #define  MOVING_SPEED  1300   //ç³»ç»Ÿç§»åŠ¨é€Ÿåº¦å®šä¹‰
  30          
  31          
  32          
  33          
  34          //************************************
  35          // Method:    isSyetemRunning
  36          // FullName:  isSyetemRunning
  37          // Access:    public 
  38          // Returns:   bit
  39          // Qualifier: è¿”å›å½“å‰ç³»ç»Ÿæ˜¯å¦æ­£åœ¨ç§»åŠ¨
  40          // Parameter: void
  41          //************************************
  42          enum State getSystemState(void)
  43          {
  44   1        return g_MotionSystemInfo.systemState;
  45   1      }
  46          void setSystemState(enum State state)
  47          {
  48   1        g_MotionSystemInfo.systemState = state;
  49   1      }
  50          //bit isSyetemRunning(void)
  51          //{
  52          //  return g_MotionSystemInfo.systemState == WORKING;
  53          //}
C51 COMPILER V8.05a   TASK                                                                 07/27/2017 22:14:19 PAGE 2   

  54          //************************************
  55          // Method:    isSystemStop
  56          // FullName:  isSystemStop
  57          // Access:    public 
  58          // Returns:   bit
  59          // Qualifier: è¿”å›å½“å‰ç³»ç»Ÿæ˜¯å¦å·²ç»åœæ­¢ç§»åŠ¨
  60          // Parameter: void
  61          //************************************
  62          //bit isSystemStop(void)
  63          //{
  64          //  return g_MotionSystemInfo.systemState == STOP;
  65          //}
  66          //************************************
  67          // Method:    startSystem
  68          // FullName:  startSystem
  69          // Access:    public 
  70          // Returns:   bit
  71          // Qualifier: åœ¨è®¾ç½®å¥½ç›®æ ‡åæ ‡åè°ƒç”¨æ­¤å‡½æ•°æ‚¬æŒ‚ç³»ç»Ÿå¼€å§‹æ‰§è¡Œ
  72          // Parameter: void
  73          //************************************
  74          bit startSystem(void)
  75          {
  76   1        g_MotionSystemInfo.systemState = WORKING;
  77   1        //è®¾ç½®æ­¥è¿›ç”µæœºè„‰å†²æ¬¡æ•°
  78   1        setStepMotorDis();
  79   1        //å¼€å¯æ­¥è¿›ç”µæœº
  80   1        open_StepMotor(LEFT_STEP_MOTOR);
  81   1        open_StepMotor(RIGHT_STEP_MOTOR);
  82   1      
  83   1        //æ›´æ–°åæ ‡
  84   1        g_MotionSystemInfo.g_CurrentCoordinate.x = g_MotionSystemInfo.g_TargetCoordinate.x;
  85   1        g_MotionSystemInfo.g_CurrentCoordinate.y = g_MotionSystemInfo.g_TargetCoordinate.y;
  86   1      
  87   1        return 1;
  88   1      }
  89          //************************************
  90          // Method:    stopSystem
  91          // FullName:  stopSystem
  92          // Access:    public 
  93          // Returns:   bit
  94          // Qualifier: å¼ºè¡Œå…³é—­æ‚¬æŒ‚ç³»ç»Ÿçš„è¿åŠ¨
  95          // Parameter: void
  96          //************************************
  97          bit stopSystem(void)
  98          {
  99   1        close_StepMotor(LEFT_STEP_MOTOR);
 100   1        close_StepMotor(RIGHT_STEP_MOTOR);
 101   1        g_MotionSystemInfo.systemState = STOP;
 102   1        return 1;
 103   1      }
 104          bit setCurrentCoordinate(float x, float y)
 105          {
 106   1        g_MotionSystemInfo.g_CurrentCoordinate.x = x;
 107   1        g_MotionSystemInfo.g_CurrentCoordinate.y = y;
 108   1        return 1;
 109   1      }
 110          //************************************
 111          // Method:    setTargetCoordinate
 112          // FullName:  setTargetCoordinate
 113          // Access:    public 
 114          // Returns:   bit
 115          // Qualifier: //è®¾ç½®éœ€è¦åˆ°è¾¾çš„ç›®æ ‡åæ ‡
C51 COMPILER V8.05a   TASK                                                                 07/27/2017 22:14:19 PAGE 3   

 116          // Parameter: float x
 117          // Parameter: float y
 118          //************************************
 119          bit setTargetCoordinate(float x, float y)
 120          {
 121   1        g_MotionSystemInfo.g_TargetCoordinate.x = x;
 122   1        g_MotionSystemInfo.g_TargetCoordinate.y = y;
 123   1      
 124   1        return 1;
 125   1      
 126   1      }
 127          //************************************
 128          // Method:    getCurrentCoordinate
 129          // FullName:  getCurrentCoordinate
 130          // Access:    public 
 131          // Returns:   Coordinate
 132          // Qualifier: //è¯»å–å½“å‰åæ ‡ï¼Œè¿”å›ä¸€ä¸ªxyç»“æ„ä½“
 133          // Parameter: u8 motor
 134          //************************************
 135          Coordinate getCurrentCoordinate(void)
 136          {
 137   1      
 138   1        return g_MotionSystemInfo.g_CurrentCoordinate;
 139   1      }
 140          
 141          void MotionSystem_Init(void)
 142          {
 143   1      
 144   1        stepMotor_Init(LEFT_STEP_MOTOR, 1.8f, 16, 1000, 3.9f);
 145   1        stepMotor_Init(RIGHT_STEP_MOTOR, 1.8f, 16, 1000, 3.9f);
 146   1      
 147   1      }
 148          
 149          ///////////////////ï¼ä»¥ä¸‹ä¸ºç§æœ‰å‡½æ•°ï¼Œå¤–éƒ¨ä¸èƒ½è°ƒç”¨ï¼///////////////////////////
 150          //æ ¹æ®è¾“å…¥çš„xyè½´æ•°æ®è®¡ç®—ä¸¤è¾¹ç›¸åº”çš„çº¿é•¿ ï¼Œå•ä½cm
 151          static float getWireLength(u8 wire, float x, float y)
 152          {
 153   1        float Length = 0;
 154   1        if (wire == LEFT_WIRE_LENGTH)
 155   1        {
 156   2          //å·¦è¾¹çš„çº¿é•¿è®¡ç®—
 157   2          Length = sqrt
 158   2            (
 159   2              pow(x, 2) //å•ä½ï¼Œcm
 160   2              + pow(BOARD_HEIGHT - y, 2)
 161   2              );
 162   2        }
 163   1        else
 164   1        {
 165   2          //å³è¾¹çš„çº¿é•¿è®¡ç®—
 166   2          Length = sqrt
 167   2            (
 168   2              pow(BOARD_WIDTH - x, 2)
 169   2              + pow(BOARD_HEIGHT - y, 2)
 170   2              );
 171   2        }
 172   1        return Length;
 173   1      
 174   1      }
 175          //è®¡ç®—ä¸¤ç‚¹çš„è·ç¦»å…¬å¼
 176          static double twoPointDistance(float x1, float y1, float x2, float y2)
 177          {
C51 COMPILER V8.05a   TASK                                                                 07/27/2017 22:14:19 PAGE 4   

 178   1        return sqrt((double)((x1 - x2)*(x1 - x2) + (y1 - y2)*(y1 - y2)));
 179   1      }
 180          //æ—‹è½¬æŒ‡å®šé•¿åº¦è„‰å†²å‘ç”Ÿå™¨éœ€è¦äº§ç”Ÿçš„è„‰å†²æ•°,è®¾ç»†åˆ†å€¼ä¸º16 ï¼Œæ­¥è¿›ç”µæœºçš„æ­¥è¿›è§’ä
             -¸º1.8
 181          static u16 getPulserCount(float distance)
 182          {
 183   1        return (u16)((distance * 360 * 16) / (PI*BEARING_DIA*1.8f));
 184   1      }
 185          //è®¾ç½®ç”µæœºæ—‹è½¬è·ç¦»ï¼Œä»è€Œæ”¹å˜çº¿é•¿åº¦,å¹¶å¼€å¯è„‰å†²å‘ç”Ÿå™¨
 186          //æ­¤å‡½æ•°é€‚åˆä½¿ç”¨å¾®åˆ†çš„åŠæ³•æ¥ç”»å‡ºéœ€è¦çš„å½¢çŠ¶ï¼Œå¦‚ç›´çº¿æˆ–è€…åœ†ä¹‹ç±»çš„ï¼Œä½†ä¸é€‚å
             -ˆå°†dx dyè®¾ç½®çš„å¤ªå¤§ï¼Œå¦åˆ™ä¼šæœ‰å¾ˆå¤§çš„è¯¯å·®
 187          //å…¶ä¸­ä¸€ä¸ªåŸå› æ˜¯è½¯ä»¶æ¨¡æ‹Ÿçš„è„‰å†²å‘ç”Ÿå™¨çš„å›ºæœ‰è¯¯å·®
 188          //æ‰€ä»¥æ­¤æ–¹æ³•å¾ˆé€‚åˆç”¨å¾®åˆ†æ¥å‡å°è¯¯å·®
 189          static bit setStepMotorDis(void)
 190          {
 191   1        u8 str[50];
 192   1        int a = 0;
 193   1        u32 rightMotorPulse, leftMotorPulse;//å·¦å³ç”µæœºéœ€è¦äº§ç”Ÿçš„æ€»è„‰å†²æ•°
 194   1        float D_leftWireLength;//å·¦è¾¹çº¿çš„dL(å¾®åˆ†)
 195   1        float D_rightWireLength;//å³è¾¹çº¿çš„dL
 196   1        float currentLeftWireLength;//å½“å‰åæ ‡ä¸‹çš„å·¦çº¿é•¿
 197   1        float currentRightWireLength;//å½“å‰åæ ‡ä¸‹çš„å³çº¿é•¿
 198   1        float targetLeftWireLength;//ç›®æ ‡åæ ‡ä¸‹çš„å·¦çº¿é•¿
 199   1        float targetRightWireLength;//ç›®æ ‡åæ ‡ä¸‹çš„å³çº¿é•¿
 200   1        float K;//ä¸¤ä¸ªç”µæœºçš„é€Ÿåº¦æ¯”ï¼Œå·¦ç”µæœºæ¯”å³ç”µæœº 
 201   1        u16 rightStepMotorSpeed;//å³ç”µæœºçš„é€Ÿåº¦
 202   1        u16 leftStepMotorSpeed;//å·¦ç”µæœºçš„é€Ÿåº¦
 203   1        float distance;//å½“å‰åæ ‡å’Œç›®æ ‡åæ ‡çš„è·ç¦»
 204   1      
 205   1        /*  å¦‚æœè¦ä½¿ç”¨å®šæ—¶å™¨æ—¶åˆ†å¤ç”¨çš„æ–¹æ³•åˆ™éœ€è¦ç”¨åˆ°è¿™äº›å˜é‡
 206   1        float sum;
 207   1        u16 loop;
 208   1        float leftMotorOneStepPulse;//å•æ­¥è„‰å†²æ•°
 209   1        float rightMotorOneStepPulse;
 210   1        */
 211   1        //è®¡ç®—å½“å‰çº¿é•¿
 212   1        currentLeftWireLength = getWireLength(LEFT_WIRE_LENGTH, g_MotionSystemInfo.g_CurrentCoordinate.x, g_Motio
             -nSystemInfo.g_CurrentCoordinate.y);
 213   1        currentRightWireLength = getWireLength(RIGHT_WIRE_LENGTH, g_MotionSystemInfo.g_CurrentCoordinate.x, g_Mot
             -ionSystemInfo.g_CurrentCoordinate.y);
 214   1        sprintf(str, "currentLeftWireLength is %f\r\n", currentLeftWireLength);
 215   1        //PrintString1(str);
 216   1        sprintf(str, "currentRightWireLength is %f\r\n", currentRightWireLength);
 217   1        //PrintString1(str);
 218   1      
 219   1      
 220   1      
 221   1      
 222   1        //è®¡ç®—ç›®æ ‡çº¿é•¿
 223   1        targetLeftWireLength = getWireLength(LEFT_WIRE_LENGTH, g_MotionSystemInfo.g_TargetCoordinate.x, g_MotionS
             -ystemInfo.g_TargetCoordinate.y);
 224   1        targetRightWireLength = getWireLength(RIGHT_WIRE_LENGTH, g_MotionSystemInfo.g_TargetCoordinate.x, g_Motio
             -nSystemInfo.g_TargetCoordinate.y);
 225   1        sprintf(str, "targetLeftWireLength is %f\r\n", targetLeftWireLength);
 226   1        //PrintString1(str);
 227   1        sprintf(str, "targetRightWireLength is %f\r\n", targetRightWireLength);
 228   1        //PrintString1(str);
 229   1      
 230   1      
 231   1      
 232   1      
 233   1        //è®¡ç®—å¾®åˆ†å€¼
C51 COMPILER V8.05a   TASK                                                                 07/27/2017 22:14:19 PAGE 5   

 234   1        D_leftWireLength = fabs(targetLeftWireLength - currentLeftWireLength);
 235   1        D_rightWireLength = fabs(targetRightWireLength - currentRightWireLength);
 236   1        sprintf(str, "D_leftWireLength is %f\r\n", D_leftWireLength);
 237   1        //PrintString1(str);
 238   1        sprintf(str, "D_rightWireLength is %f\r\n", D_rightWireLength);
 239   1        //PrintString1(str);
 240   1      
 241   1      
 242   1      
 243   1      
 244   1      
 245   1        //åˆ¤æ–­å·¦ç”µæœºçš„æ­£åè½¬
 246   1        if (targetLeftWireLength >= currentLeftWireLength)//å¦‚æœç›®æ ‡åæ ‡çš„å·¦çº¿é•¿å¤§äºå½“å‰åæ ‡çš„å·
             -¦çº¿é•¿
 247   1        {
 248   2          setStepMotorDiversion(LEFT_STEP_MOTOR, CCW);//é€†æ—¶é’ˆæ—‹è½¬
 249   2      
 250   2        }
 251   1        else
 252   1        {
 253   2          setStepMotorDiversion(LEFT_STEP_MOTOR, CW);
 254   2      
 255   2        }
 256   1        //åˆ¤æ–­å³ç”µæœºçš„æ­£åè½¬
 257   1        if (targetRightWireLength >= currentRightWireLength)//å¦‚æœç›®æ ‡åæ ‡çš„å·¦çº¿é•¿å¤§äºå½“å‰åæ ‡çš„
             -å·¦çº¿é•¿
 258   1        {
 259   2          setStepMotorDiversion(RIGHT_STEP_MOTOR, CW);//é¡ºæ—¶é’ˆæ—‹è½¬
 260   2      
 261   2        }
 262   1        else
 263   1        {
 264   2          setStepMotorDiversion(RIGHT_STEP_MOTOR, CCW);
 265   2      
 266   2        }
 267   1      
 268   1      
 269   1        //å·¦ç”µæœºéœ€è¦äº§ç”Ÿçš„æ€»è„‰å†²æ•°
 270   1        leftMotorPulse = getPulserCount(D_leftWireLength);
 271   1        //å³ç”µæœºéœ€è¦äº§ç”Ÿçš„æ€»è„‰å†²æ•°
 272   1        rightMotorPulse = getPulserCount(D_rightWireLength);
 273   1      
 274   1        distance = twoPointDistance
 275   1          (
 276   1            g_MotionSystemInfo.g_TargetCoordinate.x,
 277   1            g_MotionSystemInfo.g_TargetCoordinate.y,
 278   1            g_MotionSystemInfo.g_CurrentCoordinate.x,
 279   1            g_MotionSystemInfo.g_CurrentCoordinate.y
 280   1            )
 281   1          ;
 282   1        //  sprintf
 283   1        //    (
 284   1        //      str, "Cur(%f,%f)to Tar(%f,%f) distance is %f \r\n",
 285   1        //      g_MotionSystemInfo.g_CurrentCoordinate.x,
 286   1        //      g_MotionSystemInfo.g_CurrentCoordinate.y,
 287   1        //      g_MotionSystemInfo.g_TargetCoordinate.x,
 288   1        //      g_MotionSystemInfo.g_TargetCoordinate.y,
 289   1        //      distance
 290   1        //      )
 291   1        //    ;
 292   1          //PrintString1(str);
 293   1      
C51 COMPILER V8.05a   TASK                                                                 07/27/2017 22:14:19 PAGE 6   

 294   1        K = (float)rightMotorPulse / leftMotorPulse;//å³ç”µæœºå’Œå·¦ç”µæœºè·¯ç¨‹ä¹‹æ¯”
 295   1        sprintf(str, "leftmotorPulse is %d\r\n", leftMotorPulse);
 296   1        //PrintString1(str);
 297   1        sprintf(str, "rightmotorPulse is %d\r\n", rightMotorPulse);
 298   1        //PrintString1(str);
 299   1        sprintf(str, "K is %f\r\n", K);
 300   1        PrintString1(str);
 301   1      
 302   1        //æ ¹æ®å·²ç»å®šå¥½çš„å·¦ç”µæœºé€Ÿåº¦è®¡ç®—å‡ºå³ç”µæœºç›¸åº”çš„é€Ÿåº¦
 303   1        rightStepMotorSpeed = (u16)(MOVING_SPEED * K);
 304   1        //é˜²æ­¢å³ç”µæœºé€Ÿåº¦è¶…å‡ºæœ€å¤§é€Ÿåº¦ï¼Œå¦‚æœè¶…å‡ºï¼Œåˆ™å°†è®¾å®šé€Ÿåº¦é™„ç»™å³ç”µæœºï¼Œå·¦ç”µæœºé
             -€Ÿåº¦å‡å°ï¼Œå·¦ç”µæœºå’Œå³ç”µæœºçš„é€Ÿåº¦æ¯”è¿˜æ˜¯ä¸å˜
 305   1        if (rightStepMotorSpeed >= MOVING_SPEED)
 306   1        {
 307   2          rightStepMotorSpeed = MOVING_SPEED;
 308   2          leftStepMotorSpeed = rightStepMotorSpeed / K;
 309   2        }
 310   1        else//å¦åˆ™è¿˜æ˜¯ä½¿å·¦ç”µæœºèµ‹å€¼
 311   1        {
 312   2          leftStepMotorSpeed = MOVING_SPEED;
 313   2        }
 314   1        sprintf(str, "rightStepmotorSpeed is %d \r\n", rightStepMotorSpeed);
 315   1        PrintString1(str);
 316   1        sprintf(str, "leftStepmotorSpeed is %d \r\n", leftStepMotorSpeed);
 317   1        PrintString1(str);
 318   1        //é€šè¿‡ç›´æ¥ç®—å‡ºéœ€è¦çš„è„‰å†²æ•°æ¥é©±åŠ¨æ­¥è¿›ç”µæœº
 319   1        setStepMotorWithPulse(LEFT_STEP_MOTOR, leftMotorPulse, leftStepMotorSpeed);
 320   1        setStepMotorWithPulse(RIGHT_STEP_MOTOR, rightMotorPulse, rightStepMotorSpeed);
 321   1      
 322   1      
 323   1        /*å¦‚æœåªæœ‰ä¸€ä¸ªpwmä¿¡å·å‘ç”Ÿå™¨å¯ä»¥ç”¨ä»¥ä¸‹çš„åŠæ³• ,ä¸¤ä¸ªæ­¥è¿›ç”µæœºåˆ†åˆ«ä½¿ç”¨ä¸€ä¸ªå®šæ—
             -¶å™¨
 324   1        //è®¡ç®—ä¸¤ä¸ªåæ ‡çš„è·ç¦»
 325   1        distance = twoPointDistance(g_MotionSystemInfo.g_TargetCoordinate.x, g_MotionSystemInfo.g_TargetCoordinat
             -e.y, g_MotionSystemInfo.g_CurrentCoordinate.x, g_MotionSystemInfo.g_CurrentCoordinate.y);
 326   1        sum = (distance / ACCURACY);//æœ€ç»ˆéœ€è¦è®©ç”µæœºè¿åŠ¨çš„æ¬¡æ•°
 327   1         //printf("sum is %f\n", sum);
 328   1        loop = (u16)(sum);
 329   1        leftMotorOneStepPulse = 0.5f + leftMotorPulse / sum;//å·¦ç”µæœºå•æ­¥çš„è„‰å†²æ¬¡æ•°
 330   1        rightMotorOneStepPulse = 0.5f + rightMotorPulse / sum;//å³ç”µæœºå•æ­¥çš„è„‰å†²æ¬¡æ•°
 331   1        while(loop--)
 332   1        {
 333   1          setPulse(LEFT_STEP_MOTOR, MOVING_SPEED, (u32)(leftMotorOneStepPulse));
 334   1          openPulser(LEFT_STEP_MOTOR);
 335   1          delay_ms((leftMotorOneStepPulse * 1000) / MOVING_SPEED);    //ç­‰å¾…æ­¤æ­¥æ‰§è¡Œå®Œæˆ,delayçš„å…¬å¼  (
             -1/hz) *ACCuracy
 336   1        close_PWM_ALL();
 337   1      
 338   1          setPulse(RIGHT_STEP_MOTOR, rightStepMotorSpeed, (u32)(rightMotorOneStepPulse));
 339   1          openPulser(RIGHT_STEP_MOTOR);
 340   1          delay_ms((rightMotorOneStepPulse * 1000) / rightStepMotorSpeed);    //ç­‰å¾…æ­¤æ­¥æ‰§è¡Œå®Œæˆ,delayçš„å
             -…¬å¼  (1/hz) *ACCuracy
 341   1        close_PWM_ALL();
 342   1      
 343   1        }
 344   1      
 345   1         */
 346   1      
 347   1        return 1;
 348   1      }
 349          
 350          
C51 COMPILER V8.05a   TASK                                                                 07/27/2017 22:14:19 PAGE 7   

 351          
 352          
 353          
 354          
 355          
 356          
 357          
 358          
 359          
 360          
 361          


MODULE INFORMATION:   STATIC OVERLAYABLE
   CODE SIZE        =   1942    ----
   CONSTANT SIZE    =    285    ----
   XDATA SIZE       =     57     145
   PDATA SIZE       =   ----    ----
   DATA SIZE        =   ----    ----
   IDATA SIZE       =   ----    ----
   BIT SIZE         =   ----    ----
END OF MODULE INFORMATION.


C51 COMPILATION COMPLETE.  0 WARNING(S),  0 ERROR(S)
